Info: Starting: Create HDL design files for synthesis
Info: qsys-generate C:\Users\ns756\Downloads\video_sram_master_sram_vga_mar6\video_sram_master_sram_vga\verilog\Computer_System.qsys --synthesis=VERILOG --output-directory=C:\Users\ns756\Downloads\video_sram_master_sram_vga_mar6\video_sram_master_sram_vga\verilog\Computer_System\synthesis --family="Cyclone V" --part=5CSEMA5F31C6
Progress: Loading verilog/Computer_System.qsys
Progress: Reading input file
Progress: Adding ARM_A9_HPS [altera_hps 18.1]
Progress: Parameterizing module ARM_A9_HPS
Progress: Adding AV_Config [altera_up_avalon_audio_and_video_config 18.0]
Progress: Parameterizing module AV_Config
Progress: Adding Onchip_SRAM [altera_avalon_onchip_memory2 18.1]
Progress: Parameterizing module Onchip_SRAM
Progress: Adding Pixel_DMA_Addr_Translation [altera_up_avalon_video_dma_ctrl_addr_trans 18.0]
Progress: Parameterizing module Pixel_DMA_Addr_Translation
Progress: Adding SDRAM [altera_avalon_new_sdram_controller 18.1]
Progress: Parameterizing module SDRAM
Progress: Adding System_PLL [altera_up_avalon_sys_sdram_pll 18.0]
Progress: Parameterizing module System_PLL
Progress: Adding VGA_Subsystem [VGA_Subsystem 1.0]
Progress: Reading input file
Progress: Adding Sys_Clk [clock_source 18.1]
Progress: Parameterizing module Sys_Clk
Progress: Adding VGA_Alpha_Blender [altera_up_avalon_video_alpha_blender 18.0]
Progress: Parameterizing module VGA_Alpha_Blender
Progress: Adding VGA_Char_Buffer [altera_up_avalon_video_character_buffer_with_dma 18.0]
Progress: Parameterizing module VGA_Char_Buffer
Progress: Adding VGA_Controller [altera_up_avalon_video_vga_controller 18.0]
Progress: Parameterizing module VGA_Controller
Progress: Adding VGA_Dual_Clock_FIFO [altera_up_avalon_video_dual_clock_buffer 18.0]
Progress: Parameterizing module VGA_Dual_Clock_FIFO
Progress: Adding VGA_PLL [altera_up_avalon_video_pll 18.0]
Progress: Parameterizing module VGA_PLL
Progress: Adding VGA_Pixel_DMA [altera_up_avalon_video_pixel_buffer_dma 18.0]
Progress: Parameterizing module VGA_Pixel_DMA
Progress: Adding VGA_Pixel_FIFO [altera_up_avalon_video_dual_clock_buffer 18.0]
Progress: Parameterizing module VGA_Pixel_FIFO
Progress: Adding VGA_Pixel_RGB_Resampler [altera_up_avalon_video_rgb_resampler 18.0]
Progress: Parameterizing module VGA_Pixel_RGB_Resampler
Progress: Building connections
Progress: Parameterizing connections
Progress: Validating
Progress: Done reading input file
Progress: Parameterizing module VGA_Subsystem
Progress: Adding clock_bridge_0 [altera_clock_bridge 18.1]
Progress: Parameterizing module clock_bridge_0
Progress: Adding onchip_vga_buffer [altera_avalon_onchip_memory2 18.1]
Progress: Parameterizing module onchip_vga_buffer
Progress: Adding pio_done [altera_avalon_pio 18.1]
Progress: Parameterizing module pio_done
Progress: Adding pio_dx_c [altera_avalon_pio 18.1]
Progress: Parameterizing module pio_dx_c
Progress: Adding pio_dy_c [altera_avalon_pio 18.1]
Progress: Parameterizing module pio_dy_c
Progress: Adding pio_in_done [altera_avalon_pio 18.1]
Progress: Parameterizing module pio_in_done
Progress: Adding pio_mandel_timer [altera_avalon_pio 18.1]
Progress: Parameterizing module pio_mandel_timer
Progress: Adding pio_max_iterations [altera_avalon_pio 18.1]
Progress: Parameterizing module pio_max_iterations
Progress: Adding pio_reset [altera_avalon_pio 18.1]
Progress: Parameterizing module pio_reset
Progress: Adding pio_zoom_num [altera_avalon_pio 18.1]
Progress: Parameterizing module pio_zoom_num
Progress: Adding pll_0 [altera_pll 18.1]
Progress: Parameterizing module pll_0
Progress: Building connections
Progress: Parameterizing connections
Progress: Validating
Progress: Done reading input file
Info: Computer_System.ARM_A9_HPS: HPS Main PLL counter settings: n = 0  m = 73
Info: Computer_System.ARM_A9_HPS: HPS peripherial PLL counter settings: n = 0  m = 39
Warning: Computer_System.ARM_A9_HPS: "Configuration/HPS-to-FPGA user 0 clock frequency" (desired_cfg_clk_mhz) requested 100.0 MHz, but only achieved 97.368421 MHz
Warning: Computer_System.ARM_A9_HPS: "QSPI clock frequency" (desired_qspi_clk_mhz) requested 400.0 MHz, but only achieved 370.0 MHz
Warning: Computer_System.ARM_A9_HPS: 1 or more output clock frequencies cannot be achieved precisely, consider revising desired output clock frequencies.
Warning: Computer_System.Pixel_DMA_Addr_Translation.master: Master needs a minimum address width of 3 bits (has 2)
Info: Computer_System.SDRAM: SDRAM Controller will only be supported in Quartus Prime Standard Edition in the future release.
Info: Computer_System.System_PLL: Refclk Freq: 50.0
Info: Computer_System.VGA_Subsystem.VGA_Char_Buffer: Character Resolution: 80 x 60
Info: Computer_System.VGA_Subsystem.VGA_Controller: Video Output Stream: Format: 640 x 480 with Color: 10 (bits) x 3 (planes) converted to 8 (bits) per color plane
Info: Computer_System.VGA_Subsystem.VGA_Pixel_RGB_Resampler: RGB Resampling: 8 (bits) x 1 (planes) -> 10 (bits) x 3 (planes)
Warning: Computer_System.VGA_Subsystem.VGA_Pixel_RGB_Resampler: VGA_Pixel_RGB_Resampler.avalon_rgb_slave must be connected to an Avalon-MM master
Info: Computer_System.pio_done: PIO inputs are not hardwired in test bench. Undefined values will be read from PIO inputs during simulation.
Info: Computer_System.pio_in_done: PIO inputs are not hardwired in test bench. Undefined values will be read from PIO inputs during simulation.
Info: Computer_System.pio_mandel_timer: PIO inputs are not hardwired in test bench. Undefined values will be read from PIO inputs during simulation.
Info: Computer_System.pll_0: The legal reference clock frequency is 5.0 MHz..800.0 MHz
Info: Computer_System.pll_0: Able to implement PLL with user settings
Warning: Computer_System.pll_0: pll_0.locked must be exported, or connected to a matching conduit.
Warning: Computer_System.SDRAM: SDRAM.s1 must be connected to an Avalon-MM master
Warning: Computer_System.: You have exported the interface Onchip_SRAM.s1 but not its associated reset interface.  Export the driver(s) of Onchip_SRAM.reset1
Warning: Computer_System.: You have exported the interface onchip_vga_buffer.s1 but not its associated reset interface.  Export the driver(s) of onchip_vga_buffer.reset1
Info: Computer_System: Generating Computer_System "Computer_System" for QUARTUS_SYNTH
Info: Interconnect is inserted between master Pixel_DMA_Addr_Translation.master and slave VGA_Subsystem.pixel_dma_control_slave because the master has waitrequest signal 1 bit wide, but the slave is 0 bit wide.
Warning: ARM_A9_HPS.f2h_irq0: Cannot connect clock for irq_mapper.sender
Warning: ARM_A9_HPS.f2h_irq0: Cannot connect reset for irq_mapper.sender
Warning: ARM_A9_HPS.f2h_irq1: Cannot connect clock for irq_mapper_001.sender
Warning: ARM_A9_HPS.f2h_irq1: Cannot connect reset for irq_mapper_001.sender
Info: ARM_A9_HPS: "Running  for module: ARM_A9_HPS"
Info: ARM_A9_HPS: HPS Main PLL counter settings: n = 0  m = 73
Info: ARM_A9_HPS: HPS peripherial PLL counter settings: n = 0  m = 39
Warning: ARM_A9_HPS: "Configuration/HPS-to-FPGA user 0 clock frequency" (desired_cfg_clk_mhz) requested 100.0 MHz, but only achieved 97.368421 MHz
Warning: ARM_A9_HPS: "QSPI clock frequency" (desired_qspi_clk_mhz) requested 400.0 MHz, but only achieved 370.0 MHz
Warning: ARM_A9_HPS: 1 or more output clock frequencies cannot be achieved precisely, consider revising desired output clock frequencies.
Info: ARM_A9_HPS: "Computer_System" instantiated altera_hps "ARM_A9_HPS"
Info: AV_Config: Starting Generation of Audio and Video Config
Info: AV_Config: "Computer_System" instantiated altera_up_avalon_audio_and_video_config "AV_Config"
Info: Onchip_SRAM: Starting RTL generation for module 'Computer_System_Onchip_SRAM'
Info: Onchip_SRAM:   Generation command is [exec C:/programs/intelfpga/18.1/quartus/bin64/perl/bin/perl.exe -I C:/programs/intelfpga/18.1/quartus/bin64/perl/lib -I C:/programs/intelfpga/18.1/quartus/sopc_builder/bin/europa -I C:/programs/intelfpga/18.1/quartus/sopc_builder/bin/perl_lib -I C:/programs/intelfpga/18.1/quartus/sopc_builder/bin -I C:/programs/intelfpga/18.1/quartus/../ip/altera/sopc_builder_ip/common -I C:/programs/intelfpga/18.1/quartus/../ip/altera/sopc_builder_ip/altera_avalon_onchip_memory2 -- C:/programs/intelfpga/18.1/quartus/../ip/altera/sopc_builder_ip/altera_avalon_onchip_memory2/generate_rtl.pl --name=Computer_System_Onchip_SRAM --dir=C:/Users/ns756/AppData/Local/Temp/alt9424_2479900428119499560.dir/0003_Onchip_SRAM_gen/ --quartus_dir=C:/programs/intelfpga/18.1/quartus --verilog --config=C:/Users/ns756/AppData/Local/Temp/alt9424_2479900428119499560.dir/0003_Onchip_SRAM_gen//Computer_System_Onchip_SRAM_component_configuration.pl  --do_build_sim=0  ]
Info: Onchip_SRAM: Done RTL generation for module 'Computer_System_Onchip_SRAM'
Info: Onchip_SRAM: "Computer_System" instantiated altera_avalon_onchip_memory2 "Onchip_SRAM"
Info: Pixel_DMA_Addr_Translation: "Computer_System" instantiated altera_up_avalon_video_dma_ctrl_addr_trans "Pixel_DMA_Addr_Translation"
Info: SDRAM: Starting RTL generation for module 'Computer_System_SDRAM'
Info: SDRAM:   Generation command is [exec C:/programs/intelfpga/18.1/quartus/bin64/perl/bin/perl.exe -I C:/programs/intelfpga/18.1/quartus/bin64/perl/lib -I C:/programs/intelfpga/18.1/quartus/sopc_builder/bin/europa -I C:/programs/intelfpga/18.1/quartus/sopc_builder/bin/perl_lib -I C:/programs/intelfpga/18.1/quartus/sopc_builder/bin -I C:/programs/intelfpga/18.1/quartus/../ip/altera/sopc_builder_ip/common -I C:/programs/intelfpga/18.1/quartus/../ip/altera/sopc_builder_ip/altera_avalon_new_sdram_controller -- C:/programs/intelfpga/18.1/quartus/../ip/altera/sopc_builder_ip/altera_avalon_new_sdram_controller/generate_rtl.pl --name=Computer_System_SDRAM --dir=C:/Users/ns756/AppData/Local/Temp/alt9424_2479900428119499560.dir/0005_SDRAM_gen/ --quartus_dir=C:/programs/intelfpga/18.1/quartus --verilog --config=C:/Users/ns756/AppData/Local/Temp/alt9424_2479900428119499560.dir/0005_SDRAM_gen//Computer_System_SDRAM_component_configuration.pl  --do_build_sim=0  ]
Info: SDRAM: Done RTL generation for module 'Computer_System_SDRAM'
Info: SDRAM: "Computer_System" instantiated altera_avalon_new_sdram_controller "SDRAM"
Info: System_PLL: "Computer_System" instantiated altera_up_avalon_sys_sdram_pll "System_PLL"
Info: VGA_Subsystem: "Computer_System" instantiated VGA_Subsystem "VGA_Subsystem"
Info: onchip_vga_buffer: Starting RTL generation for module 'Computer_System_onchip_vga_buffer'
Info: onchip_vga_buffer:   Generation command is [exec C:/programs/intelfpga/18.1/quartus/bin64/perl/bin/perl.exe -I C:/programs/intelfpga/18.1/quartus/bin64/perl/lib -I C:/programs/intelfpga/18.1/quartus/sopc_builder/bin/europa -I C:/programs/intelfpga/18.1/quartus/sopc_builder/bin/perl_lib -I C:/programs/intelfpga/18.1/quartus/sopc_builder/bin -I C:/programs/intelfpga/18.1/quartus/../ip/altera/sopc_builder_ip/common -I C:/programs/intelfpga/18.1/quartus/../ip/altera/sopc_builder_ip/altera_avalon_onchip_memory2 -- C:/programs/intelfpga/18.1/quartus/../ip/altera/sopc_builder_ip/altera_avalon_onchip_memory2/generate_rtl.pl --name=Computer_System_onchip_vga_buffer --dir=C:/Users/ns756/AppData/Local/Temp/alt9424_2479900428119499560.dir/0006_onchip_vga_buffer_gen/ --quartus_dir=C:/programs/intelfpga/18.1/quartus --verilog --config=C:/Users/ns756/AppData/Local/Temp/alt9424_2479900428119499560.dir/0006_onchip_vga_buffer_gen//Computer_System_onchip_vga_buffer_component_configuration.pl  --do_build_sim=0  ]
Info: onchip_vga_buffer: Done RTL generation for module 'Computer_System_onchip_vga_buffer'
Info: onchip_vga_buffer: "Computer_System" instantiated altera_avalon_onchip_memory2 "onchip_vga_buffer"
Info: pio_done: Starting RTL generation for module 'Computer_System_pio_done'
Info: pio_done:   Generation command is [exec C:/programs/intelfpga/18.1/quartus/bin64/perl/bin/perl.exe -I C:/programs/intelfpga/18.1/quartus/bin64/perl/lib -I C:/programs/intelfpga/18.1/quartus/sopc_builder/bin/europa -I C:/programs/intelfpga/18.1/quartus/sopc_builder/bin/perl_lib -I C:/programs/intelfpga/18.1/quartus/sopc_builder/bin -I C:/programs/intelfpga/18.1/quartus/../ip/altera/sopc_builder_ip/common -I C:/programs/intelfpga/18.1/quartus/../ip/altera/sopc_builder_ip/altera_avalon_pio -- C:/programs/intelfpga/18.1/quartus/../ip/altera/sopc_builder_ip/altera_avalon_pio/generate_rtl.pl --name=Computer_System_pio_done --dir=C:/Users/ns756/AppData/Local/Temp/alt9424_2479900428119499560.dir/0007_pio_done_gen/ --quartus_dir=C:/programs/intelfpga/18.1/quartus --verilog --config=C:/Users/ns756/AppData/Local/Temp/alt9424_2479900428119499560.dir/0007_pio_done_gen//Computer_System_pio_done_component_configuration.pl  --do_build_sim=0  ]
Info: pio_done: Done RTL generation for module 'Computer_System_pio_done'
Info: pio_done: "Computer_System" instantiated altera_avalon_pio "pio_done"
Info: pio_dx_c: Starting RTL generation for module 'Computer_System_pio_dx_c'
Info: pio_dx_c:   Generation command is [exec C:/programs/intelfpga/18.1/quartus/bin64/perl/bin/perl.exe -I C:/programs/intelfpga/18.1/quartus/bin64/perl/lib -I C:/programs/intelfpga/18.1/quartus/sopc_builder/bin/europa -I C:/programs/intelfpga/18.1/quartus/sopc_builder/bin/perl_lib -I C:/programs/intelfpga/18.1/quartus/sopc_builder/bin -I C:/programs/intelfpga/18.1/quartus/../ip/altera/sopc_builder_ip/common -I C:/programs/intelfpga/18.1/quartus/../ip/altera/sopc_builder_ip/altera_avalon_pio -- C:/programs/intelfpga/18.1/quartus/../ip/altera/sopc_builder_ip/altera_avalon_pio/generate_rtl.pl --name=Computer_System_pio_dx_c --dir=C:/Users/ns756/AppData/Local/Temp/alt9424_2479900428119499560.dir/0008_pio_dx_c_gen/ --quartus_dir=C:/programs/intelfpga/18.1/quartus --verilog --config=C:/Users/ns756/AppData/Local/Temp/alt9424_2479900428119499560.dir/0008_pio_dx_c_gen//Computer_System_pio_dx_c_component_configuration.pl  --do_build_sim=0  ]
Info: pio_dx_c: Done RTL generation for module 'Computer_System_pio_dx_c'
Info: pio_dx_c: "Computer_System" instantiated altera_avalon_pio "pio_dx_c"
Info: pio_mandel_timer: Starting RTL generation for module 'Computer_System_pio_mandel_timer'
Info: pio_mandel_timer:   Generation command is [exec C:/programs/intelfpga/18.1/quartus/bin64/perl/bin/perl.exe -I C:/programs/intelfpga/18.1/quartus/bin64/perl/lib -I C:/programs/intelfpga/18.1/quartus/sopc_builder/bin/europa -I C:/programs/intelfpga/18.1/quartus/sopc_builder/bin/perl_lib -I C:/programs/intelfpga/18.1/quartus/sopc_builder/bin -I C:/programs/intelfpga/18.1/quartus/../ip/altera/sopc_builder_ip/common -I C:/programs/intelfpga/18.1/quartus/../ip/altera/sopc_builder_ip/altera_avalon_pio -- C:/programs/intelfpga/18.1/quartus/../ip/altera/sopc_builder_ip/altera_avalon_pio/generate_rtl.pl --name=Computer_System_pio_mandel_timer --dir=C:/Users/ns756/AppData/Local/Temp/alt9424_2479900428119499560.dir/0009_pio_mandel_timer_gen/ --quartus_dir=C:/programs/intelfpga/18.1/quartus --verilog --config=C:/Users/ns756/AppData/Local/Temp/alt9424_2479900428119499560.dir/0009_pio_mandel_timer_gen//Computer_System_pio_mandel_timer_component_configuration.pl  --do_build_sim=0  ]
Info: pio_mandel_timer: Done RTL generation for module 'Computer_System_pio_mandel_timer'
Info: pio_mandel_timer: "Computer_System" instantiated altera_avalon_pio "pio_mandel_timer"
Info: pio_reset: Starting RTL generation for module 'Computer_System_pio_reset'
Info: pio_reset:   Generation command is [exec C:/programs/intelfpga/18.1/quartus/bin64/perl/bin/perl.exe -I C:/programs/intelfpga/18.1/quartus/bin64/perl/lib -I C:/programs/intelfpga/18.1/quartus/sopc_builder/bin/europa -I C:/programs/intelfpga/18.1/quartus/sopc_builder/bin/perl_lib -I C:/programs/intelfpga/18.1/quartus/sopc_builder/bin -I C:/programs/intelfpga/18.1/quartus/../ip/altera/sopc_builder_ip/common -I C:/programs/intelfpga/18.1/quartus/../ip/altera/sopc_builder_ip/altera_avalon_pio -- C:/programs/intelfpga/18.1/quartus/../ip/altera/sopc_builder_ip/altera_avalon_pio/generate_rtl.pl --name=Computer_System_pio_reset --dir=C:/Users/ns756/AppData/Local/Temp/alt9424_2479900428119499560.dir/0010_pio_reset_gen/ --quartus_dir=C:/programs/intelfpga/18.1/quartus --verilog --config=C:/Users/ns756/AppData/Local/Temp/alt9424_2479900428119499560.dir/0010_pio_reset_gen//Computer_System_pio_reset_component_configuration.pl  --do_build_sim=0  ]
Info: pio_reset: Done RTL generation for module 'Computer_System_pio_reset'
Info: pio_reset: "Computer_System" instantiated altera_avalon_pio "pio_reset"
Info: pio_zoom_num: Starting RTL generation for module 'Computer_System_pio_zoom_num'
Info: pio_zoom_num:   Generation command is [exec C:/programs/intelfpga/18.1/quartus/bin64/perl/bin/perl.exe -I C:/programs/intelfpga/18.1/quartus/bin64/perl/lib -I C:/programs/intelfpga/18.1/quartus/sopc_builder/bin/europa -I C:/programs/intelfpga/18.1/quartus/sopc_builder/bin/perl_lib -I C:/programs/intelfpga/18.1/quartus/sopc_builder/bin -I C:/programs/intelfpga/18.1/quartus/../ip/altera/sopc_builder_ip/common -I C:/programs/intelfpga/18.1/quartus/../ip/altera/sopc_builder_ip/altera_avalon_pio -- C:/programs/intelfpga/18.1/quartus/../ip/altera/sopc_builder_ip/altera_avalon_pio/generate_rtl.pl --name=Computer_System_pio_zoom_num --dir=C:/Users/ns756/AppData/Local/Temp/alt9424_2479900428119499560.dir/0011_pio_zoom_num_gen/ --quartus_dir=C:/programs/intelfpga/18.1/quartus --verilog --config=C:/Users/ns756/AppData/Local/Temp/alt9424_2479900428119499560.dir/0011_pio_zoom_num_gen//Computer_System_pio_zoom_num_component_configuration.pl  --do_build_sim=0  ]
Info: pio_zoom_num: Done RTL generation for module 'Computer_System_pio_zoom_num'
Info: pio_zoom_num: "Computer_System" instantiated altera_avalon_pio "pio_zoom_num"
Info: pll_0: "Computer_System" instantiated altera_pll "pll_0"
Info: avalon_st_adapter: Inserting error_adapter: error_adapter_0
Info: avalon_st_adapter_001: Inserting error_adapter: error_adapter_0
Info: avalon_st_adapter_002: Inserting error_adapter: error_adapter_0
Info: mm_interconnect_0: "Computer_System" instantiated altera_mm_interconnect "mm_interconnect_0"
Info: avalon_st_adapter: Inserting error_adapter: error_adapter_0
Info: avalon_st_adapter_001: Inserting error_adapter: error_adapter_0
Info: avalon_st_adapter_002: Inserting error_adapter: error_adapter_0
Info: avalon_st_adapter_003: Inserting error_adapter: error_adapter_0
Info: avalon_st_adapter_004: Inserting error_adapter: error_adapter_0
Info: avalon_st_adapter_005: Inserting error_adapter: error_adapter_0
Info: avalon_st_adapter_006: Inserting error_adapter: error_adapter_0
Info: avalon_st_adapter_007: Inserting error_adapter: error_adapter_0
Info: avalon_st_adapter_008: Inserting error_adapter: error_adapter_0
Info: avalon_st_adapter_009: Inserting error_adapter: error_adapter_0
Info: avalon_st_adapter_010: Inserting error_adapter: error_adapter_0
Info: mm_interconnect_1: "Computer_System" instantiated altera_mm_interconnect "mm_interconnect_1"
Info: mm_interconnect_2: "Computer_System" instantiated altera_mm_interconnect "mm_interconnect_2"
Info: irq_mapper: "Computer_System" instantiated altera_irq_mapper "irq_mapper"
Info: rst_controller: "Computer_System" instantiated altera_reset_controller "rst_controller"
Info: fpga_interfaces: "ARM_A9_HPS" instantiated altera_interface_generator "fpga_interfaces"
Info: hps_io: "ARM_A9_HPS" instantiated altera_hps_io "hps_io"
Info: sys_pll: "System_PLL" instantiated altera_pll "sys_pll"
Info: reset_from_locked: "System_PLL" instantiated altera_up_avalon_reset_from_locked_signal "reset_from_locked"
Info: VGA_Alpha_Blender: Starting Generation of the Alpha Blender
Info: VGA_Alpha_Blender: "VGA_Subsystem" instantiated altera_up_avalon_video_alpha_blender "VGA_Alpha_Blender"
Info: VGA_Char_Buffer: Starting Generation of Character Buffer
Info: VGA_Char_Buffer: "VGA_Subsystem" instantiated altera_up_avalon_video_character_buffer_with_dma "VGA_Char_Buffer"
Info: VGA_Controller: Starting Generation of VGA Controller
Info: VGA_Controller: "VGA_Subsystem" instantiated altera_up_avalon_video_vga_controller "VGA_Controller"
Info: VGA_Dual_Clock_FIFO: Starting Generation of the Dual Clock Buffer
Info: VGA_Dual_Clock_FIFO: "VGA_Subsystem" instantiated altera_up_avalon_video_dual_clock_buffer "VGA_Dual_Clock_FIFO"
Info: VGA_PLL: "VGA_Subsystem" instantiated altera_up_avalon_video_pll "VGA_PLL"
Info: VGA_Pixel_DMA: Starting Generation of VGA Pixel Buffer
Info: VGA_Pixel_DMA: "VGA_Subsystem" instantiated altera_up_avalon_video_pixel_buffer_dma "VGA_Pixel_DMA"
Info: VGA_Pixel_FIFO: Starting Generation of the Dual Clock Buffer
Info: VGA_Pixel_FIFO: "VGA_Subsystem" instantiated altera_up_avalon_video_dual_clock_buffer "VGA_Pixel_FIFO"
Info: VGA_Pixel_RGB_Resampler: Starting Generation of Video RGB Resampler
Info: VGA_Pixel_RGB_Resampler: "VGA_Subsystem" instantiated altera_up_avalon_video_rgb_resampler "VGA_Pixel_RGB_Resampler"
Info: VGA_Subsystem_pixel_dma_master_translator: "mm_interconnect_0" instantiated altera_merlin_master_translator "VGA_Subsystem_pixel_dma_master_translator"
Info: VGA_Subsystem_char_buffer_slave_translator: "mm_interconnect_0" instantiated altera_merlin_slave_translator "VGA_Subsystem_char_buffer_slave_translator"
Info: ARM_A9_HPS_h2f_axi_master_agent: "mm_interconnect_0" instantiated altera_merlin_axi_master_ni "ARM_A9_HPS_h2f_axi_master_agent"
Info: VGA_Subsystem_pixel_dma_master_agent: "mm_interconnect_0" instantiated altera_merlin_master_agent "VGA_Subsystem_pixel_dma_master_agent"
Info: VGA_Subsystem_char_buffer_slave_agent: "mm_interconnect_0" instantiated altera_merlin_slave_agent "VGA_Subsystem_char_buffer_slave_agent"
Info: VGA_Subsystem_char_buffer_slave_agent_rsp_fifo: "mm_interconnect_0" instantiated altera_avalon_sc_fifo "VGA_Subsystem_char_buffer_slave_agent_rsp_fifo"
Info: router: "mm_interconnect_0" instantiated altera_merlin_router "router"
Info: router_002: "mm_interconnect_0" instantiated altera_merlin_router "router_002"
Info: router_003: "mm_interconnect_0" instantiated altera_merlin_router "router_003"
Info: router_004: "mm_interconnect_0" instantiated altera_merlin_router "router_004"
Info: router_005: "mm_interconnect_0" instantiated altera_merlin_router "router_005"
Info: ARM_A9_HPS_h2f_axi_master_wr_limiter: "mm_interconnect_0" instantiated altera_merlin_traffic_limiter "ARM_A9_HPS_h2f_axi_master_wr_limiter"
Info: Reusing file C:/Users/ns756/Downloads/video_sram_master_sram_vga_mar6/video_sram_master_sram_vga/verilog/Computer_System/synthesis/submodules/altera_avalon_sc_fifo.v
Info: VGA_Subsystem_char_buffer_slave_burst_adapter: "mm_interconnect_0" instantiated altera_merlin_burst_adapter "VGA_Subsystem_char_buffer_slave_burst_adapter"
Info: Reusing file C:/Users/ns756/Downloads/video_sram_master_sram_vga_mar6/video_sram_master_sram_vga/verilog/Computer_System/synthesis/submodules/altera_merlin_address_alignment.sv
Info: Reusing file C:/Users/ns756/Downloads/video_sram_master_sram_vga_mar6/video_sram_master_sram_vga/verilog/Computer_System/synthesis/submodules/altera_avalon_st_pipeline_base.v
Info: cmd_demux: "mm_interconnect_0" instantiated altera_merlin_demultiplexer "cmd_demux"
Info: cmd_demux_002: "mm_interconnect_0" instantiated altera_merlin_demultiplexer "cmd_demux_002"
Info: cmd_mux: "mm_interconnect_0" instantiated altera_merlin_multiplexer "cmd_mux"
Info: cmd_mux_001: "mm_interconnect_0" instantiated altera_merlin_multiplexer "cmd_mux_001"
Info: Reusing file C:/Users/ns756/Downloads/video_sram_master_sram_vga_mar6/video_sram_master_sram_vga/verilog/Computer_System/synthesis/submodules/altera_merlin_arbitrator.sv
Info: cmd_mux_002: "mm_interconnect_0" instantiated altera_merlin_multiplexer "cmd_mux_002"
Info: Reusing file C:/Users/ns756/Downloads/video_sram_master_sram_vga_mar6/video_sram_master_sram_vga/verilog/Computer_System/synthesis/submodules/altera_merlin_arbitrator.sv
Info: rsp_demux: "mm_interconnect_0" instantiated altera_merlin_demultiplexer "rsp_demux"
Info: rsp_demux_001: "mm_interconnect_0" instantiated altera_merlin_demultiplexer "rsp_demux_001"
Info: rsp_demux_002: "mm_interconnect_0" instantiated altera_merlin_demultiplexer "rsp_demux_002"
Info: rsp_mux: "mm_interconnect_0" instantiated altera_merlin_multiplexer "rsp_mux"
Info: Reusing file C:/Users/ns756/Downloads/video_sram_master_sram_vga_mar6/video_sram_master_sram_vga/verilog/Computer_System/synthesis/submodules/altera_merlin_arbitrator.sv
Info: rsp_mux_002: "mm_interconnect_0" instantiated altera_merlin_multiplexer "rsp_mux_002"
Info: Reusing file C:/Users/ns756/Downloads/video_sram_master_sram_vga_mar6/video_sram_master_sram_vga/verilog/Computer_System/synthesis/submodules/altera_merlin_arbitrator.sv
Info: ARM_A9_HPS_h2f_axi_master_wr_to_VGA_Subsystem_char_buffer_slave_cmd_width_adapter: "mm_interconnect_0" instantiated altera_merlin_width_adapter "ARM_A9_HPS_h2f_axi_master_wr_to_VGA_Subsystem_char_buffer_slave_cmd_width_adapter"
Info: Reusing file C:/Users/ns756/Downloads/video_sram_master_sram_vga_mar6/video_sram_master_sram_vga/verilog/Computer_System/synthesis/submodules/altera_merlin_address_alignment.sv
Info: Reusing file C:/Users/ns756/Downloads/video_sram_master_sram_vga_mar6/video_sram_master_sram_vga/verilog/Computer_System/synthesis/submodules/altera_merlin_burst_uncompressor.sv
Info: avalon_st_adapter: "mm_interconnect_0" instantiated altera_avalon_st_adapter "avalon_st_adapter"
Info: avalon_st_adapter_001: "mm_interconnect_0" instantiated altera_avalon_st_adapter "avalon_st_adapter_001"
Info: router: "mm_interconnect_1" instantiated altera_merlin_router "router"
Info: router_002: "mm_interconnect_1" instantiated altera_merlin_router "router_002"
Info: cmd_demux: "mm_interconnect_1" instantiated altera_merlin_demultiplexer "cmd_demux"
Info: cmd_mux: "mm_interconnect_1" instantiated altera_merlin_multiplexer "cmd_mux"
Info: Reusing file C:/Users/ns756/Downloads/video_sram_master_sram_vga_mar6/video_sram_master_sram_vga/verilog/Computer_System/synthesis/submodules/altera_merlin_arbitrator.sv
Info: rsp_demux: "mm_interconnect_1" instantiated altera_merlin_demultiplexer "rsp_demux"
Info: rsp_mux: "mm_interconnect_1" instantiated altera_merlin_multiplexer "rsp_mux"
Info: Reusing file C:/Users/ns756/Downloads/video_sram_master_sram_vga_mar6/video_sram_master_sram_vga/verilog/Computer_System/synthesis/submodules/altera_merlin_arbitrator.sv
Info: border: "hps_io" instantiated altera_interface_generator "border"
Info: video_pll: "VGA_PLL" instantiated altera_pll "video_pll"
Info: error_adapter_0: "avalon_st_adapter" instantiated error_adapter "error_adapter_0"
Info: error_adapter_0: "avalon_st_adapter_001" instantiated error_adapter "error_adapter_0"
Info: Computer_System: Done "Computer_System" with 68 modules, 150 files
Info: qsys-generate succeeded.
Info: Finished: Create HDL design files for synthesis
